#
# A fatal error has been detected by the Java Runtime Environment:
#
#  SIGSEGV (0xb) at pc=0x00000001242555dd, pid=12534, tid=1811
#
# JRE version: Java(TM) SE Runtime Environment (8.0_40-b27) (build 1.8.0_40-b27)
# Java VM: Java HotSpot(TM) 64-Bit Server VM (25.40-b25 mixed mode bsd-amd64 compressed oops)
# Problematic frame:
# C  [libglass.dylib+0x155dd]  GlassScreenDidChangeScreenParameters+0x9d
#
# Failed to write core dump. Core dumps have been disabled. To enable core dumping, try "ulimit -c unlimited" before starting Java again
#
# If you would like to submit a bug report, please visit:
#   http://bugreport.java.com/bugreport/crash.jsp
#

---------------  T H R E A D  ---------------

Current thread is native thread

siginfo: si_signo: 11 (SIGSEGV), si_code: 1 (SEGV_MAPERR), si_addr: 0x0000000000000000

Registers:
RAX=0x0000000124287bc0, RBX=0x0000000000000000, RCX=0x8c0073d56b6dbaa5, RDX=0x00007fd53161b150
RSP=0x00007fff558e9130, RBP=0x00007fff558e9140, RSI=0x00007fd531406ce0, RDI=0x0000000000000000
R8 =0x00007fff558e8fe0, R9 =0x00007fff78469300, R10=0x0000000000000000, R11=0x0000000000000246
R12=0x00007fd53160d330, R13=0x00000000000f4268, R14=0x00007fd53161b060, R15=0x00007fff558e9280
RIP=0x00000001242555dd, EFLAGS=0x0000000000010206, ERR=0x0000000000000004
  TRAPNO=0x000000000000000e

Top of Stack: (sp=0x00007fff558e9130)
0x00007fff558e9130:   00007fff558e9310 00007fd53161b060
0x00007fff558e9140:   00007fff558e9150 00007fff959e3cdc
0x00007fff558e9150:   00007fff558e94b0 00007fff958d5244
0x00007fff558e9160:   00007fff558e91b0 0000000000000a00
0x00007fff558e9170:   00007fff78eb9cf0 00007fd531475d80
0x00007fff558e9180:   0000000000001001 0000000000000270
0x00007fff558e9190:   00007fd531475d80 00007fd53161b060
0x00007fff558e91a0:   0000000000000000 00007fff558e9280
0x00007fff558e91b0:   0000000000000000 00007fd53161b020
0x00007fff558e91c0:   00007fff558e9300 000000000000001a
0x00007fff558e91d0:   00000000000f4287 00007fd53161a2f0
0x00007fff558e91e0:   00007fd531473c00 00007fd53160d330
0x00007fff558e91f0:   0000000000000001 00000000000f4268
0x00007fff558e9200:   00007fd53160d320 00007fff89402acb
0x00007fff558e9210:   0000000000000001 0000000000000001
0x00007fff558e9220:   0000000000000030 0000000000000001
0x00007fff558e9230:   00007fff558e9250 00007fff89408231
0x00007fff558e9240:   00007fff78eb7dd0 0000000000000000
0x00007fff558e9250:   00007fff558e9270 0000000000000000
0x00007fff558e9260:   0000330331474320 00007fd53160d354
0x00007fff558e9270:   0000000000000000 00007fff958cad1f
0x00007fff558e9280:   00007fd53161b060 00007fff78eb7dd0
0x00007fff558e9290:   00007fff558e9310 0000000000000008
0x00007fff558e92a0:   00007fff558e92e0 00007fff8940253e
0x00007fff558e92b0:   000000010a332a00 0000000000000002
0x00007fff558e92c0:   000000010a32f000 00007fd5316073f2
0x00007fff558e92d0:   0000000000000003 000000010a333400
0x00007fff558e92e0:   00007fff558e93d0 00007fff894012a2
0x00007fff558e92f0:   00007fd531473790 00007fff558e94b8
0x00007fff558e9300:   0000000000000017 0000000000000000
0x00007fff558e9310:   00000000000f4268 00007fff958cb013
0x00007fff558e9320:   00007fff00000000 00007fd53156ec60 

Instructions: (pc=0x00000001242555dd)
0x00000001242555bd:   89 df 4c 89 f1 41 ff 90 68 04 00 00 48 8d 05 f8
0x00000001242555cd:   24 03 00 48 8b 30 48 8d 05 e6 25 03 00 48 8b 10
0x00000001242555dd:   48 8b 0b 30 c0 48 89 df ff 91 68 04 00 00 48 8b
0x00000001242555ed:   03 48 89 df ff 50 78 48 85 c0 74 36 49 89 c6 48 

Register to memory mapping:

RAX=0x0000000124287bc0: jScreenNotifySettingsChanged+0 in /Library/Java/JavaVirtualMachines/jdk1.8.0_40.jdk/Contents/Home/jre/lib/libglass.dylib at 0x0000000124240000
RBX=0x0000000000000000 is an unknown value
RCX=0x8c0073d56b6dbaa5 is an unknown value
RDX=0x00007fd53161b150 is an unknown value
RSP=0x00007fff558e9130 is an unknown value
RBP=0x00007fff558e9140 is an unknown value
RSI=0x00007fd531406ce0 is a global jni handle
RDI=0x0000000000000000 is an unknown value
R8 =0x00007fff558e8fe0 is an unknown value
R9 =0x00007fff78469300: _thread+0 in /usr/lib/system/libsystem_pthread.dylib at 0x00007fff905cc000
R10=0x0000000000000000 is an unknown value
R11=0x0000000000000246 is an unknown value
R12=0x00007fd53160d330 is an unknown value
R13=0x00000000000f4268 is an unknown value
R14=0x00007fd53161b060 is an unknown value
R15=0x00007fff558e9280 is an unknown value


Stack: [0x00007fff550ec000,0x00007fff558ec000],  sp=0x00007fff558e9130,  free space=8180k
Native frames: (J=compiled Java code, j=interpreted, Vv=VM code, C=native code)
C  [libglass.dylib+0x155dd]  GlassScreenDidChangeScreenParameters+0x9d
C  [CoreFoundation+0x11ecdc]  __CFNOTIFICATIONCENTER_IS_CALLING_OUT_TO_AN_OBSERVER__+0xc
C  [CoreFoundation+0x10244]  _CFXNotificationPost+0xc44
C  [Foundation+0x2c31]  -[NSNotificationCenter postNotificationName:object:userInfo:]+0x42
C  [AppKit+0x36305e]  -[NSApplication _reactToScreenInvalidationImmediately:]+0x17b
C  [AppKit+0x362e9d]  __44-[NSApplication _reactToScreenInvalidation:]_block_invoke+0x4b
C  [CoreFoundation+0x8056c]  __CFRUNLOOP_IS_CALLING_OUT_TO_A_BLOCK__+0xc
C  [CoreFoundation+0x72675]  __CFRunLoopDoBlocks+0x155
C  [CoreFoundation+0x721b6]  __CFRunLoopRun+0x716
C  [CoreFoundation+0x71858]  CFRunLoopRunSpecific+0x128
C  [java+0x6490]  CreateExecutionEnvironment+0x367
C  [java+0x221c]  JLI_Launch+0x7a0
C  [java+0x84ed]  main+0x65
C  [java+0x1a74]  start+0x34


---------------  P R O C E S S  ---------------

VM state:at safepoint (normal execution)

VM Mutex/Monitor currently owned by a thread:  ([mutex/lock_event])
[0x00007fd53151d530] Threads_lock - owner thread: 0x00007fd532804800

Heap:
 PSYoungGen      total 38400K, used 12446K [0x0000000795580000, 0x0000000798000000, 0x00000007c0000000)
  eden space 33280K, 37% used [0x0000000795580000,0x00000007961a7890,0x0000000797600000)
  from space 5120K, 0% used [0x0000000797b00000,0x0000000797b00000,0x0000000798000000)
  to   space 5120K, 0% used [0x0000000797600000,0x0000000797600000,0x0000000797b00000)
 ParOldGen       total 87552K, used 0K [0x0000000740000000, 0x0000000745580000, 0x0000000795580000)
  object space 87552K, 0% used [0x0000000740000000,0x0000000740000000,0x0000000745580000)
 Metaspace       used 6956K, capacity 7252K, committed 7424K, reserved 1056768K
  class space    used 843K, capacity 965K, committed 1024K, reserved 1048576K

Card table byte_map: [0x000000011b129000,0x000000011b52a000] byte_map_base: 0x0000000117729000

Marking Bits: (ParMarkBitMap*) 0x000000010b6c27a0
 Begin Bits: [0x000000011bbe1000, 0x000000011dbe1000)
 End Bits:   [0x000000011dbe1000, 0x000000011fbe1000)

Polling page: 0x000000010a570000

CodeCache: size=245760Kb used=2146Kb max_used=2146Kb free=243613Kb
 bounds [0x000000010bd69000, 0x000000010bfd9000, 0x000000011ad69000]
 total_blobs=886 nmethods=498 adapters=302
 compilation: enabled

Compilation events (10 events):
Event: 0.715 Thread 0x00007fd531813800  494  s    4       java.io.BufferedInputStream::read (49 bytes)
Event: 0.715 Thread 0x00007fd531851800  495       3       java.io.DataInputStream::readInt (72 bytes)
Event: 0.716 Thread 0x00007fd531851800 nmethod 495 0x000000010bf7d790 code [0x000000010bf7d940, 0x000000010bf7dea8]
Event: 0.717 Thread 0x00007fd531851800  497       3       java.util.StringTokenizer::scanToken (179 bytes)
Event: 0.717 Thread 0x00007fd531813800 nmethod 494 0x000000010bf810d0 code [0x000000010bf81220, 0x000000010bf81648]
Event: 0.718 Thread 0x00007fd531851800 nmethod 497 0x000000010bf7f410 code [0x000000010bf7f6a0, 0x000000010bf80958]
Event: 0.718 Thread 0x00007fd531851800  496       3       java.util.StringTokenizer::skipDelimiters (116 bytes)
Event: 0.719 Thread 0x00007fd531851800 nmethod 496 0x000000010bf7e1d0 code [0x000000010bf7e3e0, 0x000000010bf7ef78]
Event: 0.719 Thread 0x00007fd531851800  498       3       java.util.StringTokenizer::hasMoreTokens (29 bytes)
Event: 0.719 Thread 0x00007fd531851800 nmethod 498 0x000000010bf81790 code [0x000000010bf81900, 0x000000010bf81b08]

GC Heap History (0 events):
No events

Deoptimization events (0 events):
No events

Internal exceptions (10 events):
Event: 0.216 Thread 0x00007fd53200c800 Exception <a 'java/security/PrivilegedActionException'> (0x00000007957b24e8) thrown at [/Users/java_re/workspace/8-2-build-macosx-x86_64/jdk8u40/3153/hotspot/src/share/vm/prims/jvm.cpp, line 1382]
Event: 0.216 Thread 0x00007fd53200c800 Exception <a 'java/security/PrivilegedActionException'> (0x00000007957b26a0) thrown at [/Users/java_re/workspace/8-2-build-macosx-x86_64/jdk8u40/3153/hotspot/src/share/vm/prims/jvm.cpp, line 1382]
Event: 0.286 Thread 0x00007fd53200c800 Exception <a 'java/lang/NoSuchFieldError': method resolution failed> (0x00000007958c0e48) thrown at [/Users/java_re/workspace/8-2-build-macosx-x86_64/jdk8u40/3153/hotspot/src/share/vm/prims/methodHandles.cpp, line 1125]
Event: 0.288 Thread 0x00007fd53200c800 Exception <a 'java/lang/NoSuchFieldError': method resolution failed> (0x00000007958cf530) thrown at [/Users/java_re/workspace/8-2-build-macosx-x86_64/jdk8u40/3153/hotspot/src/share/vm/prims/methodHandles.cpp, line 1125]
Event: 0.309 Thread 0x00007fd53200c800 Exception <a 'java/security/PrivilegedActionException'> (0x000000079595bae8) thrown at [/Users/java_re/workspace/8-2-build-macosx-x86_64/jdk8u40/3153/hotspot/src/share/vm/prims/jvm.cpp, line 1382]
Event: 0.309 Thread 0x00007fd53200c800 Exception <a 'java/security/PrivilegedActionException'> (0x000000079595bca0) thrown at [/Users/java_re/workspace/8-2-build-macosx-x86_64/jdk8u40/3153/hotspot/src/share/vm/prims/jvm.cpp, line 1382]
Event: 0.309 Thread 0x00007fd53200c800 Exception <a 'java/security/PrivilegedActionException'> (0x000000079595ee90) thrown at [/Users/java_re/workspace/8-2-build-macosx-x86_64/jdk8u40/3153/hotspot/src/share/vm/prims/jvm.cpp, line 1382]
Event: 0.309 Thread 0x00007fd53200c800 Exception <a 'java/security/PrivilegedActionException'> (0x000000079595f048) thrown at [/Users/java_re/workspace/8-2-build-macosx-x86_64/jdk8u40/3153/hotspot/src/share/vm/prims/jvm.cpp, line 1382]
Event: 0.309 Thread 0x00007fd53200c800 Exception <a 'java/lang/NullPointerException'> (0x0000000795960968) thrown at [/Users/java_re/workspace/8-2-build-macosx-x86_64/jdk8u40/3153/hotspot/src/share/vm/interpreter/linkResolver.cpp, line 1178]
Event: 0.683 Thread 0x00007fd53200c800 Exception <a 'java/lang/reflect/InvocationTargetException'> (0x0000000795c55eb8) thrown at [/Users/java_re/workspace/8-2-build-macosx-x86_64/jdk8u40/3153/hotspot/src/share/vm/runtime/reflection.cpp, line 1080]

Events (10 events):
Event: 0.723 loading class java/util/Formatter$Flags done
Event: 0.723 loading class java/util/Formatter$Conversion
Event: 0.724 loading class java/util/Formatter$Conversion done
Event: 0.724 loading class java/util/Formattable
Event: 0.724 loading class java/util/Formattable done
Event: 0.724 loading class java/util/IdentityHashMap$KeyIterator
Event: 0.724 loading class java/util/IdentityHashMap$IdentityHashMapIterator
Event: 0.724 loading class java/util/IdentityHashMap$IdentityHashMapIterator done
Event: 0.724 loading class java/util/IdentityHashMap$KeyIterator done
Event: 0.724 Executing VM operation: Exit


Dynamic libraries:
0x0000000006b25000 	/System/Library/Frameworks/Cocoa.framework/Versions/A/Cocoa
0x0000000006b25000 	/System/Library/Frameworks/Security.framework/Versions/A/Security
0x0000000006b25000 	/System/Library/Frameworks/ApplicationServices.framework/Versions/A/ApplicationServices
0x0000000006b25000 	/usr/lib/libz.1.dylib
0x0000000006b25000 	/usr/lib/libSystem.B.dylib
0x0000000006b25000 	/usr/lib/libobjc.A.dylib
0x0000000006b25000 	/System/Library/Frameworks/CoreFoundation.framework/Versions/A/CoreFoundation
0x0000000006b25000 	/System/Library/Frameworks/Foundation.framework/Versions/C/Foundation
0x0000000006b25000 	/System/Library/Frameworks/AppKit.framework/Versions/C/AppKit
0x0000000006b25000 	/System/Library/Frameworks/CoreData.framework/Versions/A/CoreData
0x0000000006b25000 	/System/Library/PrivateFrameworks/RemoteViewServices.framework/Versions/A/RemoteViewServices
0x0000000006b25000 	/System/Library/PrivateFrameworks/UIFoundation.framework/Versions/A/UIFoundation
0x0000000006b25000 	/System/Library/Frameworks/IOSurface.framework/Versions/A/IOSurface
0x0000000006b25000 	/System/Library/Frameworks/AudioToolbox.framework/Versions/A/AudioToolbox
0x0000000006b25000 	/System/Library/Frameworks/AudioUnit.framework/Versions/A/AudioUnit
0x0000000006b25000 	/System/Library/PrivateFrameworks/DataDetectorsCore.framework/Versions/A/DataDetectorsCore
0x0000000006b25000 	/System/Library/PrivateFrameworks/DesktopServicesPriv.framework/Versions/A/DesktopServicesPriv
0x0000000006b25000 	/System/Library/Frameworks/Carbon.framework/Versions/A/Frameworks/HIToolbox.framework/Versions/A/HIToolbox
0x0000000006b25000 	/System/Library/Frameworks/QuartzCore.framework/Versions/A/QuartzCore
0x0000000006b25000 	/System/Library/Frameworks/Carbon.framework/Versions/A/Frameworks/SpeechRecognition.framework/Versions/A/SpeechRecognition
0x0000000006b25000 	/usr/lib/libauto.dylib
0x0000000006b25000 	/usr/lib/libicucore.A.dylib
0x0000000006b25000 	/usr/lib/libxml2.2.dylib
0x0000000006b25000 	/System/Library/PrivateFrameworks/CoreUI.framework/Versions/A/CoreUI
0x0000000006b25000 	/System/Library/Frameworks/CoreAudio.framework/Versions/A/CoreAudio
0x0000000006b25000 	/System/Library/Frameworks/DiskArbitration.framework/Versions/A/DiskArbitration
0x0000000006b25000 	/usr/lib/liblangid.dylib
0x0000000006b25000 	/System/Library/PrivateFrameworks/MultitouchSupport.framework/Versions/A/MultitouchSupport
0x0000000006b25000 	/System/Library/Frameworks/IOKit.framework/Versions/A/IOKit
0x0000000006b25000 	/usr/lib/libDiagnosticMessagesClient.dylib
0x0000000006b25000 	/System/Library/Frameworks/CoreServices.framework/Versions/A/CoreServices
0x0000000006b25000 	/System/Library/PrivateFrameworks/PerformanceAnalysis.framework/Versions/A/PerformanceAnalysis
0x0000000006b25000 	/System/Library/PrivateFrameworks/GenerationalStorage.framework/Versions/A/GenerationalStorage
0x0000000006b25000 	/System/Library/Frameworks/OpenGL.framework/Versions/A/OpenGL
0x0000000006b25000 	/System/Library/PrivateFrameworks/Sharing.framework/Versions/A/Sharing
0x0000000006b25000 	/System/Library/Frameworks/CoreGraphics.framework/Versions/A/CoreGraphics
0x0000000006b25000 	/System/Library/Frameworks/CoreText.framework/Versions/A/CoreText
0x0000000006b25000 	/System/Library/Frameworks/ImageIO.framework/Versions/A/ImageIO
0x0000000006b25000 	/usr/lib/libextension.dylib
0x0000000006b25000 	/System/Library/PrivateFrameworks/Backup.framework/Versions/A/Backup
0x0000000006b25000 	/usr/lib/libarchive.2.dylib
0x0000000006b25000 	/System/Library/Frameworks/CFNetwork.framework/Versions/A/CFNetwork
0x0000000006b25000 	/System/Library/Frameworks/SystemConfiguration.framework/Versions/A/SystemConfiguration
0x0000000006b25000 	/usr/lib/libCRFSuite.dylib
0x0000000006b25000 	/usr/lib/libc++.1.dylib
0x0000000006b25000 	/usr/lib/libc++abi.dylib
0x0000000006b25000 	/usr/lib/system/libcache.dylib
0x0000000006b25000 	/usr/lib/system/libcommonCrypto.dylib
0x0000000006b25000 	/usr/lib/system/libcompiler_rt.dylib
0x0000000006b25000 	/usr/lib/system/libcopyfile.dylib
0x0000000006b25000 	/usr/lib/system/libcorecrypto.dylib
0x0000000006b25000 	/usr/lib/system/libdispatch.dylib
0x0000000006b25000 	/usr/lib/system/libdyld.dylib
0x0000000006b25000 	/usr/lib/system/libkeymgr.dylib
0x0000000006b25000 	/usr/lib/system/liblaunch.dylib
0x0000000006b25000 	/usr/lib/system/libmacho.dylib
0x0000000006b25000 	/usr/lib/system/libquarantine.dylib
0x0000000006b25000 	/usr/lib/system/libremovefile.dylib
0x0000000006b25000 	/usr/lib/system/libsystem_asl.dylib
0x0000000006b25000 	/usr/lib/system/libsystem_blocks.dylib
0x0000000006b25000 	/usr/lib/system/libsystem_c.dylib
0x0000000006b25000 	/usr/lib/system/libsystem_configuration.dylib
0x0000000006b25000 	/usr/lib/system/libsystem_coreservices.dylib
0x0000000006b25000 	/usr/lib/system/libsystem_coretls.dylib
0x0000000006b25000 	/usr/lib/system/libsystem_dnssd.dylib
0x0000000006b25000 	/usr/lib/system/libsystem_info.dylib
0x0000000006b25000 	/usr/lib/system/libsystem_kernel.dylib
0x0000000006b25000 	/usr/lib/system/libsystem_m.dylib
0x0000000006b25000 	/usr/lib/system/libsystem_malloc.dylib
0x0000000006b25000 	/usr/lib/system/libsystem_network.dylib
0x0000000006b25000 	/usr/lib/system/libsystem_networkextension.dylib
0x0000000006b25000 	/usr/lib/system/libsystem_notify.dylib
0x0000000006b25000 	/usr/lib/system/libsystem_platform.dylib
0x0000000006b25000 	/usr/lib/system/libsystem_pthread.dylib
0x0000000006b25000 	/usr/lib/system/libsystem_sandbox.dylib
0x0000000006b25000 	/usr/lib/system/libsystem_secinit.dylib
0x0000000006b25000 	/usr/lib/system/libsystem_stats.dylib
0x0000000006b25000 	/usr/lib/system/libsystem_trace.dylib
0x0000000006b25000 	/usr/lib/system/libunc.dylib
0x0000000006b25000 	/usr/lib/system/libunwind.dylib
0x0000000006b25000 	/usr/lib/system/libxpc.dylib
0x0000000006b25000 	/usr/lib/libbz2.1.0.dylib
0x0000000006b25000 	/usr/lib/liblzma.5.dylib
0x0000000006b25000 	/usr/lib/libbsm.0.dylib
0x0000000006b25000 	/usr/lib/libsqlite3.dylib
0x0000000006b25000 	/usr/lib/system/libkxld.dylib
0x0000000006b25000 	/usr/lib/libxar.1.dylib
0x0000000006b25000 	/usr/lib/libpam.2.dylib
0x0000000006b25000 	/usr/lib/libOpenScriptingUtil.dylib
0x0000000006b25000 	/System/Library/Frameworks/CoreServices.framework/Versions/A/Frameworks/FSEvents.framework/Versions/A/FSEvents
0x0000000006b25000 	/System/Library/Frameworks/CoreServices.framework/Versions/A/Frameworks/CarbonCore.framework/Versions/A/CarbonCore
0x0000000006b25000 	/System/Library/Frameworks/CoreServices.framework/Versions/A/Frameworks/Metadata.framework/Versions/A/Metadata
0x0000000006b25000 	/System/Library/Frameworks/CoreServices.framework/Versions/A/Frameworks/OSServices.framework/Versions/A/OSServices
0x0000000006b25000 	/System/Library/Frameworks/CoreServices.framework/Versions/A/Frameworks/SearchKit.framework/Versions/A/SearchKit
0x0000000006b25000 	/System/Library/Frameworks/CoreServices.framework/Versions/A/Frameworks/AE.framework/Versions/A/AE
0x0000000006b25000 	/System/Library/Frameworks/CoreServices.framework/Versions/A/Frameworks/LaunchServices.framework/Versions/A/LaunchServices
0x0000000006b25000 	/System/Library/Frameworks/CoreServices.framework/Versions/A/Frameworks/DictionaryServices.framework/Versions/A/DictionaryServices
0x0000000006b25000 	/System/Library/Frameworks/NetFS.framework/Versions/A/NetFS
0x0000000006b25000 	/System/Library/PrivateFrameworks/NetAuth.framework/Versions/A/NetAuth
0x0000000006b25000 	/System/Library/PrivateFrameworks/login.framework/Versions/A/Frameworks/loginsupport.framework/Versions/A/loginsupport
0x0000000006b25000 	/System/Library/PrivateFrameworks/TCC.framework/Versions/A/TCC
0x0000000006b25000 	/usr/lib/libmecabra.dylib
0x0000000006b25000 	/System/Library/Frameworks/ApplicationServices.framework/Versions/A/Frameworks/ATS.framework/Versions/A/ATS
0x0000000006b25000 	/System/Library/Frameworks/ApplicationServices.framework/Versions/A/Frameworks/ColorSync.framework/Versions/A/ColorSync
0x0000000006b25000 	/System/Library/Frameworks/ApplicationServices.framework/Versions/A/Frameworks/HIServices.framework/Versions/A/HIServices
0x0000000006b25000 	/System/Library/Frameworks/ApplicationServices.framework/Versions/A/Frameworks/LangAnalysis.framework/Versions/A/LangAnalysis
0x0000000006b25000 	/System/Library/Frameworks/ApplicationServices.framework/Versions/A/Frameworks/PrintCore.framework/Versions/A/PrintCore
0x0000000006b25000 	/System/Library/Frameworks/ApplicationServices.framework/Versions/A/Frameworks/QD.framework/Versions/A/QD
0x0000000006b25000 	/System/Library/Frameworks/ApplicationServices.framework/Versions/A/Frameworks/SpeechSynthesis.framework/Versions/A/SpeechSynthesis
0x0000000006b25000 	/System/Library/Frameworks/Accelerate.framework/Versions/A/Accelerate
0x0000000006b25000 	/System/Library/Frameworks/Accelerate.framework/Versions/A/Frameworks/vImage.framework/Versions/A/vImage
0x0000000006b25000 	/System/Library/Frameworks/Accelerate.framework/Versions/A/Frameworks/vecLib.framework/Versions/A/vecLib
0x0000000006b25000 	/System/Library/Frameworks/Accelerate.framework/Versions/A/Frameworks/vecLib.framework/Versions/A/libvDSP.dylib
0x0000000006b25000 	/System/Library/Frameworks/Accelerate.framework/Versions/A/Frameworks/vecLib.framework/Versions/A/libvMisc.dylib
0x0000000006b25000 	/System/Library/Frameworks/Accelerate.framework/Versions/A/Frameworks/vecLib.framework/Versions/A/libLAPACK.dylib
0x0000000006b25000 	/System/Library/Frameworks/Accelerate.framework/Versions/A/Frameworks/vecLib.framework/Versions/A/libBLAS.dylib
0x0000000006b25000 	/System/Library/Frameworks/Accelerate.framework/Versions/A/Frameworks/vecLib.framework/Versions/A/libLinearAlgebra.dylib
0x0000000006b25000 	/System/Library/Frameworks/ApplicationServices.framework/Versions/A/Frameworks/ATS.framework/Versions/A/Resources/libFontParser.dylib
0x0000000006b25000 	/System/Library/Frameworks/ApplicationServices.framework/Versions/A/Frameworks/ATS.framework/Versions/A/Resources/libFontRegistry.dylib
0x0000000006b25000 	/System/Library/PrivateFrameworks/AppleVPA.framework/Versions/A/AppleVPA
0x0000000006b25000 	/System/Library/PrivateFrameworks/AppleJPEG.framework/Versions/A/AppleJPEG
0x0000000006b25000 	/System/Library/Frameworks/ImageIO.framework/Versions/A/Resources/libJPEG.dylib
0x0000000006b25000 	/System/Library/Frameworks/ImageIO.framework/Versions/A/Resources/libTIFF.dylib
0x0000000006b25000 	/System/Library/Frameworks/ImageIO.framework/Versions/A/Resources/libPng.dylib
0x0000000006b25000 	/System/Library/Frameworks/ImageIO.framework/Versions/A/Resources/libGIF.dylib
0x0000000006b25000 	/System/Library/Frameworks/ImageIO.framework/Versions/A/Resources/libJP2.dylib
0x0000000006b25000 	/System/Library/Frameworks/ImageIO.framework/Versions/A/Resources/libRadiance.dylib
0x0000000006b25000 	/System/Library/Frameworks/CoreVideo.framework/Versions/A/CoreVideo
0x0000000006b25000 	/System/Library/Frameworks/OpenGL.framework/Versions/A/Libraries/libGLU.dylib
0x0000000006b25000 	/System/Library/Frameworks/OpenGL.framework/Versions/A/Libraries/libGFXShared.dylib
0x0000000006b25000 	/System/Library/Frameworks/OpenGL.framework/Versions/A/Libraries/libGL.dylib
0x0000000006b25000 	/System/Library/Frameworks/OpenGL.framework/Versions/A/Libraries/libGLImage.dylib
0x0000000006b25000 	/System/Library/Frameworks/OpenGL.framework/Versions/A/Libraries/libCVMSPluginSupport.dylib
0x0000000006b25000 	/System/Library/Frameworks/OpenGL.framework/Versions/A/Libraries/libCoreVMClient.dylib
0x0000000006b25000 	/usr/lib/libcups.2.dylib
0x0000000006b25000 	/System/Library/Frameworks/Kerberos.framework/Versions/A/Kerberos
0x0000000006b25000 	/System/Library/Frameworks/GSS.framework/Versions/A/GSS
0x0000000006b25000 	/usr/lib/libresolv.9.dylib
0x0000000006b25000 	/usr/lib/libiconv.2.dylib
0x0000000006b25000 	/System/Library/PrivateFrameworks/Heimdal.framework/Versions/A/Heimdal
0x0000000006b25000 	/usr/lib/libheimdal-asn1.dylib
0x0000000006b25000 	/System/Library/Frameworks/OpenDirectory.framework/Versions/A/OpenDirectory
0x0000000006b25000 	/System/Library/PrivateFrameworks/CommonAuth.framework/Versions/A/CommonAuth
0x0000000006b25000 	/System/Library/Frameworks/OpenDirectory.framework/Versions/A/Frameworks/CFOpenDirectory.framework/Versions/A/CFOpenDirectory
0x0000000006b25000 	/System/Library/Frameworks/SecurityFoundation.framework/Versions/A/SecurityFoundation
0x0000000006b25000 	/System/Library/PrivateFrameworks/LanguageModeling.framework/Versions/A/LanguageModeling
0x0000000006b25000 	/usr/lib/libcmph.dylib
0x0000000006b25000 	/System/Library/Frameworks/ServiceManagement.framework/Versions/A/ServiceManagement
0x0000000006b25000 	/usr/lib/libxslt.1.dylib
0x0000000006b25000 	/System/Library/Frameworks/Carbon.framework/Versions/A/Frameworks/Ink.framework/Versions/A/Ink
0x0000000006b25000 	/System/Library/Frameworks/QuartzCore.framework/Versions/A/Frameworks/CoreImage.framework/Versions/A/CoreImage
0x0000000006b25000 	/System/Library/PrivateFrameworks/CrashReporterSupport.framework/Versions/A/CrashReporterSupport
0x0000000006b25000 	/System/Library/Frameworks/OpenCL.framework/Versions/A/OpenCL
0x0000000006b25000 	/System/Library/PrivateFrameworks/FaceCore.framework/Versions/A/FaceCore
0x0000000006b25000 	/System/Library/PrivateFrameworks/Ubiquity.framework/Versions/A/Ubiquity
0x0000000006b25000 	/System/Library/PrivateFrameworks/IconServices.framework/Versions/A/IconServices
0x0000000006b25000 	/System/Library/PrivateFrameworks/ChunkingLibrary.framework/Versions/A/ChunkingLibrary
0x0000000006b25000 	/System/Library/PrivateFrameworks/Apple80211.framework/Versions/A/Apple80211
0x0000000006b25000 	/System/Library/Frameworks/CoreWLAN.framework/Versions/A/CoreWLAN
0x0000000006b25000 	/System/Library/Frameworks/IOBluetooth.framework/Versions/A/IOBluetooth
0x0000000006b25000 	/System/Library/PrivateFrameworks/CoreWiFi.framework/Versions/A/CoreWiFi
0x0000000006b25000 	/System/Library/Frameworks/CoreBluetooth.framework/Versions/A/CoreBluetooth
0x0000000006b25000 	/System/Library/PrivateFrameworks/DebugSymbols.framework/Versions/A/DebugSymbols
0x0000000006b25000 	/System/Library/PrivateFrameworks/CoreSymbolication.framework/Versions/A/CoreSymbolication
0x0000000006b25000 	/System/Library/PrivateFrameworks/Symbolication.framework/Versions/A/Symbolication
0x0000000006b25000 	/System/Library/PrivateFrameworks/SpeechRecognitionCore.framework/Versions/A/SpeechRecognitionCore
0x000000010ae00000 	/Library/Java/JavaVirtualMachines/jdk1.8.0_40.jdk/Contents/Home/jre/lib/server/libjvm.dylib
0x0000000006b25000 	/usr/lib/libstdc++.6.dylib
0x000000010a52d000 	/Library/Java/JavaVirtualMachines/jdk1.8.0_40.jdk/Contents/Home/jre/lib/libverify.dylib
0x000000010a53b000 	/Library/Java/JavaVirtualMachines/jdk1.8.0_40.jdk/Contents/Home/jre/lib/libjava.dylib
0x000000010a57a000 	/Library/Java/JavaVirtualMachines/jdk1.8.0_40.jdk/Contents/Home/jre/lib/libzip.dylib
0x0000000121d70000 	/System/Library/Frameworks/JavaVM.framework/Frameworks/JavaRuntimeSupport.framework/JavaRuntimeSupport
0x0000000121d88000 	/System/Library/Frameworks/JavaVM.framework/Versions/A/Frameworks/JavaNativeFoundation.framework/Versions/A/JavaNativeFoundation
0x0000000121d9d000 	/System/Library/Frameworks/JavaVM.framework/Versions/A/JavaVM
0x0000000006b25000 	/System/Library/Frameworks/Carbon.framework/Versions/A/Carbon
0x000000010a5f4000 	/System/Library/PrivateFrameworks/JavaLaunching.framework/Versions/A/JavaLaunching
0x0000000006b25000 	/System/Library/Frameworks/Carbon.framework/Versions/A/Frameworks/CommonPanels.framework/Versions/A/CommonPanels
0x0000000006b25000 	/System/Library/Frameworks/Carbon.framework/Versions/A/Frameworks/Help.framework/Versions/A/Help
0x0000000006b25000 	/System/Library/Frameworks/Carbon.framework/Versions/A/Frameworks/ImageCapture.framework/Versions/A/ImageCapture
0x0000000006b25000 	/System/Library/Frameworks/Carbon.framework/Versions/A/Frameworks/OpenScripting.framework/Versions/A/OpenScripting
0x0000000006b25000 	/System/Library/Frameworks/Carbon.framework/Versions/A/Frameworks/Print.framework/Versions/A/Print
0x0000000006b25000 	/System/Library/Frameworks/Carbon.framework/Versions/A/Frameworks/SecurityHI.framework/Versions/A/SecurityHI
0x0000000123d0f000 	/Library/Java/JavaVirtualMachines/jdk1.8.0_40.jdk/Contents/Home/jre/lib/libprism_es2.dylib
0x0000000006b25000 	/System/Library/Frameworks/OpenGL.framework/Versions/A/Resources/GLEngine.bundle/GLEngine
0x0000000006b25000 	/System/Library/Frameworks/OpenGL.framework/Versions/A/Libraries/libGLProgrammability.dylib
0x0000000000000000 	/System/Library/Extensions/AppleIntelHD5000GraphicsGLDriver.bundle/Contents/MacOS/AppleIntelHD5000GraphicsGLDriver
0x0000000006b25000 	/System/Library/PrivateFrameworks/IOAccelerator.framework/Versions/A/IOAccelerator
0x0000000006b25000 	/System/Library/PrivateFrameworks/GPUSupport.framework/Versions/A/Libraries/libGPUSupportMercury.dylib
0x0000000006b25000 	/System/Library/Frameworks/OpenGL.framework/Versions/A/Resources/GLRendererFloat.bundle/GLRendererFloat
0x0000000006b25000 	/System/Library/Frameworks/OpenCL.framework/Versions/A/Libraries/libcldcpuengine.dylib
0x0000000006b25000 	/System/Library/PrivateFrameworks/DiskImages.framework/Versions/A/DiskImages
0x0000000006b25000 	/System/Library/Frameworks/DiscRecording.framework/Versions/A/DiscRecording
0x0000000006b25000 	/usr/lib/libcsfde.dylib
0x0000000006b25000 	/usr/lib/libcurl.4.dylib
0x0000000006b25000 	/System/Library/PrivateFrameworks/MediaKit.framework/Versions/A/MediaKit
0x0000000006b25000 	/System/Library/PrivateFrameworks/ProtectedCloudStorage.framework/Versions/A/ProtectedCloudStorage
0x0000000006b25000 	/usr/lib/libCoreStorage.dylib
0x0000000006b25000 	/System/Library/PrivateFrameworks/EFILogin.framework/Versions/A/EFILogin
0x0000000006b25000 	/usr/lib/libutil.dylib
0x0000000006b25000 	/System/Library/PrivateFrameworks/FindMyDevice.framework/Versions/A/FindMyDevice
0x0000000006b25000 	/System/Library/Frameworks/LDAP.framework/Versions/A/LDAP
0x0000000006b25000 	/usr/lib/libsasl2.2.dylib
0x0000000006b25000 	/System/Library/PrivateFrameworks/CoreDaemon.framework/Versions/B/CoreDaemon
0x0000000006b25000 	/usr/lib/libcrypto.0.9.8.dylib
0x0000000006b25000 	/System/Library/PrivateFrameworks/AppleSRP.framework/Versions/A/AppleSRP
0x0000000006b25000 	/System/Library/PrivateFrameworks/TrustEvaluationAgent.framework/Versions/A/TrustEvaluationAgent
0x0000000124240000 	/Library/Java/JavaVirtualMachines/jdk1.8.0_40.jdk/Contents/Home/jre/lib/libglass.dylib
0x0000000006b25000 	/System/Library/PrivateFrameworks/CoreServicesInternal.framework/Versions/A/CoreServicesInternal
0x0000000006b25000 	/System/Library/PrivateFrameworks/CloudDocs.framework/Versions/A/CloudDocs
0x0000000006b25000 	/System/Library/PrivateFrameworks/CoreDuet.framework/Versions/A/CoreDuet
0x0000000006b25000 	/System/Library/Frameworks/CloudKit.framework/Versions/A/CloudKit
0x0000000006b25000 	/System/Library/PrivateFrameworks/ProtocolBuffer.framework/Versions/A/ProtocolBuffer
0x0000000006b25000 	/System/Library/PrivateFrameworks/CoreDuetDaemonProtocol.framework/Versions/A/CoreDuetDaemonProtocol
0x0000000006b25000 	/System/Library/PrivateFrameworks/CoreDuetDebugLogging.framework/Versions/A/CoreDuetDebugLogging
0x0000000006b25000 	/System/Library/Frameworks/CoreLocation.framework/Versions/A/CoreLocation
0x0000000006b25000 	/System/Library/Frameworks/Accounts.framework/Versions/A/Accounts
0x0000000006b25000 	/System/Library/PrivateFrameworks/ApplePushService.framework/Versions/A/ApplePushService
0x0000000006b25000 	/System/Library/PrivateFrameworks/GeoServices.framework/Versions/A/GeoServices
0x0000000006b25000 	/System/Library/PrivateFrameworks/OAuth.framework/Versions/A/OAuth
0x0000000006b25000 	/System/Library/Frameworks/CoreGraphics.framework/Versions/A/Resources/libCGCMS.A.dylib
0x0000000006b25000 	/System/Library/CoreServices/RawCamera.bundle/Contents/MacOS/RawCamera
0x0000000006b25000 	/System/Library/Frameworks/CoreGraphics.framework/Versions/A/Resources/libRIP.A.dylib
0x0000000006b25000 	/System/Library/PrivateFrameworks/FamilyControls.framework/Versions/A/FamilyControls
0x0000000006b25000 	/System/Library/PrivateFrameworks/CommerceKit.framework/Versions/A/Frameworks/CommerceCore.framework/Versions/A/CommerceCore
0x0000000006b25000 	/System/Library/PrivateFrameworks/SystemAdministration.framework/Versions/A/SystemAdministration
0x0000000006b25000 	/System/Library/PrivateFrameworks/AppContainer.framework/Versions/A/AppContainer
0x0000000006b25000 	/System/Library/PrivateFrameworks/SecCodeWrapper.framework/Versions/A/SecCodeWrapper
0x0000000006b25000 	/System/Library/Frameworks/DirectoryService.framework/Versions/A/DirectoryService
0x0000000006b25000 	/System/Library/PrivateFrameworks/LoginUIKit.framework/Versions/A/Frameworks/LoginUICore.framework/Versions/A/LoginUICore
0x0000000006b25000 	/usr/lib/libodfde.dylib

VM Arguments:
jvm_args: -Dfile.encoding=UTF-8 
java_command: Teste
java_class_path (initial): /Users/renato1mendes/Documents/Workspace/PITerceiroSemestre/bin:/Library/Java/JavaVirtualMachines/jdk1.8.0_40.jdk/Contents/Home/jre/lib/ext/jfxrt.jar
Launcher Type: SUN_STANDARD

Environment Variables:
PATH=/usr/bin:/bin:/usr/sbin:/sbin
SHELL=/bin/bash

Signal Handlers:
SIGSEGV: [libjvm.dylib+0x58ef95], sa_mask[0]=11111111011111110111111111111111, sa_flags=SA_ONSTACK|SA_RESTART|SA_SIGINFO
SIGBUS: [libjvm.dylib+0x58ef95], sa_mask[0]=11111111011111110111111111111111, sa_flags=SA_RESTART|SA_SIGINFO
SIGFPE: [libjvm.dylib+0x46c118], sa_mask[0]=11111111011111110111111111111111, sa_flags=SA_RESTART|SA_SIGINFO
SIGPIPE: [libjvm.dylib+0x46c118], sa_mask[0]=11111111011111110111111111111111, sa_flags=SA_RESTART|SA_SIGINFO
SIGXFSZ: [libjvm.dylib+0x46c118], sa_mask[0]=11111111011111110111111111111111, sa_flags=SA_RESTART|SA_SIGINFO
SIGILL: [libjvm.dylib+0x46c118], sa_mask[0]=11111111011111110111111111111111, sa_flags=SA_RESTART|SA_SIGINFO
SIGUSR1: SIG_DFL, sa_mask[0]=00000000000000000000000000000000, sa_flags=none
SIGUSR2: [libjvm.dylib+0x46bc36], sa_mask[0]=00100000000000000000000000000000, sa_flags=SA_RESTART|SA_SIGINFO
SIGHUP: [libjvm.dylib+0x46a209], sa_mask[0]=11111111011111110111111111111111, sa_flags=SA_RESTART|SA_SIGINFO
SIGINT: [libjvm.dylib+0x46a209], sa_mask[0]=11111111011111110111111111111111, sa_flags=SA_RESTART|SA_SIGINFO
SIGTERM: [libjvm.dylib+0x46a209], sa_mask[0]=11111111011111110111111111111111, sa_flags=SA_RESTART|SA_SIGINFO
SIGQUIT: [libjvm.dylib+0x46a209], sa_mask[0]=11111111011111110111111111111111, sa_flags=SA_RESTART|SA_SIGINFO


---------------  S Y S T E M  ---------------

OS:Bsduname:Darwin 14.1.0 Darwin Kernel Version 14.1.0: Thu Feb 26 19:26:47 PST 2015; root:xnu-2782.10.73~1/RELEASE_X86_64 x86_64
rlimit: STACK 8192k, CORE 0k, NPROC 709, NOFILE 10240, AS infinity
load average:1.86 1.63 1.48

CPU:total 4 (2 cores per cpu, 2 threads per core) family 6 model 69 stepping 1, cmov, cx8, fxsr, mmx, sse, sse2, sse3, ssse3, sse4.1, sse4.2, popcnt, avx, avx2, aes, clmul, erms, lzcnt, ht, tsc, tscinvbit, bmi1, bmi2

Memory: 4k page, physical 8388608k(52064k free)

/proc/meminfo:


vm_info: Java HotSpot(TM) 64-Bit Server VM (25.40-b25) for bsd-amd64 JRE (1.8.0_40-b27), built on Mar 13 2015 04:46:52 by "java_re" with gcc 4.2.1 (Based on Apple Inc. build 5658) (LLVM build 2336.11.00)

time: Thu Mar 19 20:10:36 2015
elapsed time: 0 seconds (0d 0h 0m 0s)

